# JRE version: Java(TM) SE Runtime Environment (8.0_144-b01) (build 1.8.0_144-b01)
# Java VM: Java HotSpot(TM) 64-Bit Server VM (25.144-b01 mixed mode windows-amd64 compressed oops)
Heap:
 PSYoungGen      total 8192K, used 5597K [0x000000076b100000, 0x000000076ba80000, 0x00000007c0000000)
  eden space 6656K, 70% used [0x000000076b100000,0x000000076b5974c0,0x000000076b780000)
  from space 1536K, 58% used [0x000000076b780000,0x000000076b8600c0,0x000000076b900000)
  to   space 1536K, 0% used [0x000000076b900000,0x000000076b900000,0x000000076ba80000)
 ParOldGen       total 45568K, used 39209K [0x00000006c1200000, 0x00000006c3e80000, 0x000000076b100000)
  object space 45568K, 86% used [0x00000006c1200000,0x00000006c384a690,0x00000006c3e80000)
 Metaspace       used 39857K, capacity 40050K, committed 40232K, reserved 1085440K
  class space    used 4971K, capacity 5035K, committed 5160K, reserved 1048576K
GC Heap History (10 events):
Event: 22074.488 GC heap before
{Heap before GC invocations=17759 (full 32):
 PSYoungGen      total 8704K, used 7584K [0x000000076b100000, 0x000000076bb80000, 0x00000007c0000000)
  eden space 6656K, 100% used [0x000000076b100000,0x000000076b780000,0x000000076b780000)
  from space 2048K, 45% used [0x000000076b980000,0x000000076ba68100,0x000000076bb80000)
  to   space 2048K, 0% used [0x000000076b780000,0x000000076b780000,0x000000076b980000)
 ParOldGen       total 45568K, used 38993K [0x00000006c1200000, 0x00000006c3e80000, 0x000000076b100000)
  object space 45568K, 85% used [0x00000006c1200000,0x00000006c3814670,0x00000006c3e80000)
 Metaspace       used 39857K, capacity 40050K, committed 40232K, reserved 1085440K
  class space    used 4971K, capacity 5035K, committed 5160K, reserved 1048576K
Event: 22074.497 GC heap after
Heap after GC invocations=17759 (full 32):
 PSYoungGen      total 8192K, used 1088K [0x000000076b100000, 0x000000076ba80000, 0x00000007c0000000)
  eden space 6656K, 0% used [0x000000076b100000,0x000000076b100000,0x000000076b780000)
  from space 1536K, 70% used [0x000000076b780000,0x000000076b890100,0x000000076b900000)
  to   space 1536K, 0% used [0x000000076b900000,0x000000076b900000,0x000000076ba80000)
 ParOldGen       total 45568K, used 39017K [0x00000006c1200000, 0x00000006c3e80000, 0x000000076b100000)
  object space 45568K, 85% used [0x00000006c1200000,0x00000006c381a670,0x00000006c3e80000)
 Metaspace       used 39857K, capacity 40050K, committed 40232K, reserved 1085440K
  class space    used 4971K, capacity 5035K, committed 5160K, reserved 1048576K
}
Event: 22075.247 GC heap before
{Heap before GC invocations=17760 (full 32):
 PSYoungGen      total 8192K, used 7742K [0x000000076b100000, 0x000000076ba80000, 0x00000007c0000000)
  eden space 6656K, 99% used [0x000000076b100000,0x000000076b77fa58,0x000000076b780000)
  from space 1536K, 70% used [0x000000076b780000,0x000000076b890100,0x000000076b900000)
  to   space 1536K, 0% used [0x000000076b900000,0x000000076b900000,0x000000076ba80000)
 ParOldGen       total 45568K, used 39017K [0x00000006c1200000, 0x00000006c3e80000, 0x000000076b100000)
  object space 45568K, 85% used [0x00000006c1200000,0x00000006c381a670,0x00000006c3e80000)
 Metaspace       used 39857K, capacity 40050K, committed 40232K, reserved 1085440K
  class space    used 4971K, capacity 5035K, committed 5160K, reserved 1048576K
Event: 22075.250 GC heap after
Heap after GC invocations=17760 (full 32):
 PSYoungGen      total 8192K, used 976K [0x000000076b100000, 0x000000076ba80000, 0x00000007c0000000)
  eden space 6656K, 0% used [0x000000076b100000,0x000000076b100000,0x000000076b780000)
  from space 1536K, 63% used [0x000000076b900000,0x000000076b9f4110,0x000000076ba80000)
  to   space 1536K, 0% used [0x000000076b780000,0x000000076b780000,0x000000076b900000)
 ParOldGen       total 45568K, used 39105K [0x00000006c1200000, 0x00000006c3e80000, 0x000000076b100000)
  object space 45568K, 85% used [0x00000006c1200000,0x00000006c3830690,0x00000006c3e80000)
 Metaspace       used 39857K, capacity 40050K, committed 40232K, reserved 1085440K
  class space    used 4971K, capacity 5035K, committed 5160K, reserved 1048576K
}
Event: 22076.279 GC heap before
{Heap before GC invocations=17761 (full 32):
 PSYoungGen      total 8192K, used 7632K [0x000000076b100000, 0x000000076ba80000, 0x00000007c0000000)
  eden space 6656K, 100% used [0x000000076b100000,0x000000076b780000,0x000000076b780000)
  from space 1536K, 63% used [0x000000076b900000,0x000000076b9f4110,0x000000076ba80000)
  to   space 1536K, 0% used [0x000000076b780000,0x000000076b780000,0x000000076b900000)
 ParOldGen       total 45568K, used 39105K [0x00000006c1200000, 0x00000006c3e80000, 0x000000076b100000)
  object space 45568K, 85% used [0x00000006c1200000,0x00000006c3830690,0x00000006c3e80000)
 Metaspace       used 39857K, capacity 40050K, committed 40232K, reserved 1085440K
  class space    used 4971K, capacity 5035K, committed 5160K, reserved 1048576K
Event: 22076.282 GC heap after
Heap after GC invocations=17761 (full 32):
 PSYoungGen      total 8192K, used 1088K [0x000000076b100000, 0x000000076ba80000, 0x00000007c0000000)
  eden space 6656K, 0% used [0x000000076b100000,0x000000076b100000,0x000000076b780000)
  from space 1536K, 70% used [0x000000076b780000,0x000000076b890120,0x000000076b900000)
  to   space 1536K, 0% used [0x000000076b900000,0x000000076b900000,0x000000076ba80000)
 ParOldGen       total 45568K, used 39137K [0x00000006c1200000, 0x00000006c3e80000, 0x000000076b100000)
  object space 45568K, 85% used [0x00000006c1200000,0x00000006c3838690,0x00000006c3e80000)
 Metaspace       used 39857K, capacity 40050K, committed 40232K, reserved 1085440K
  class space    used 4971K, capacity 5035K, committed 5160K, reserved 1048576K
}
Event: 22077.121 GC heap before
{Heap before GC invocations=17762 (full 32):
 PSYoungGen      total 8192K, used 7744K [0x000000076b100000, 0x000000076ba80000, 0x00000007c0000000)
  eden space 6656K, 100% used [0x000000076b100000,0x000000076b780000,0x000000076b780000)
  from space 1536K, 70% used [0x000000076b780000,0x000000076b890120,0x000000076b900000)
  to   space 1536K, 0% used [0x000000076b900000,0x000000076b900000,0x000000076ba80000)
 ParOldGen       total 45568K, used 39137K [0x00000006c1200000, 0x00000006c3e80000, 0x000000076b100000)
  object space 45568K, 85% used [0x00000006c1200000,0x00000006c3838690,0x00000006c3e80000)
 Metaspace       used 39857K, capacity 40050K, committed 40232K, reserved 1085440K
  class space    used 4971K, capacity 5035K, committed 5160K, reserved 1048576K
Event: 22077.124 GC heap after
Heap after GC invocations=17762 (full 32):
 PSYoungGen      total 8192K, used 912K [0x000000076b100000, 0x000000076ba80000, 0x00000007c0000000)
  eden space 6656K, 0% used [0x000000076b100000,0x000000076b100000,0x000000076b780000)
  from space 1536K, 59% used [0x000000076b900000,0x000000076b9e4110,0x000000076ba80000)
  to   space 1536K, 0% used [0x000000076b780000,0x000000076b780000,0x000000076b900000)
 ParOldGen       total 45568K, used 39153K [0x00000006c1200000, 0x00000006c3e80000, 0x000000076b100000)
  object space 45568K, 85% used [0x00000006c1200000,0x00000006c383c690,0x00000006c3e80000)
 Metaspace       used 39857K, capacity 40050K, committed 40232K, reserved 1085440K
  class space    used 4971K, capacity 5035K, committed 5160K, reserved 1048576K
}
Event: 22077.851 GC heap before
{Heap before GC invocations=17763 (full 32):
 PSYoungGen      total 8192K, used 7559K [0x000000076b100000, 0x000000076ba80000, 0x00000007c0000000)
  eden space 6656K, 99% used [0x000000076b100000,0x000000076b77dca0,0x000000076b780000)
  from space 1536K, 59% used [0x000000076b900000,0x000000076b9e4110,0x000000076ba80000)
  to   space 1536K, 0% used [0x000000076b780000,0x000000076b780000,0x000000076b900000)
 ParOldGen       total 45568K, used 39153K [0x00000006c1200000, 0x00000006c3e80000, 0x000000076b100000)
  object space 45568K, 85% used [0x00000006c1200000,0x00000006c383c690,0x00000006c3e80000)
 Metaspace       used 39857K, capacity 40050K, committed 40232K, reserved 1085440K
  class space    used 4971K, capacity 5035K, committed 5160K, reserved 1048576K
Event: 22077.854 GC heap after
Heap after GC invocations=17763 (full 32):
 PSYoungGen      total 8192K, used 896K [0x000000076b100000, 0x000000076ba80000, 0x00000007c0000000)
  eden space 6656K, 0% used [0x000000076b100000,0x000000076b100000,0x000000076b780000)
  from space 1536K, 58% used [0x000000076b780000,0x000000076b8600c0,0x000000076b900000)
  to   space 1536K, 0% used [0x000000076b900000,0x000000076b900000,0x000000076ba80000)
 ParOldGen       total 45568K, used 39209K [0x00000006c1200000, 0x00000006c3e80000, 0x000000076b100000)
  object space 45568K, 86% used [0x00000006c1200000,0x00000006c384a690,0x00000006c3e80000)
 Metaspace       used 39857K, capacity 40050K, committed 40232K, reserved 1085440K
  class space    used 4971K, capacity 5035K, committed 5160K, reserved 1048576K
}

